<?xml version="1.0" encoding="UTF-8"?>
<!-- Generated by org.testng.reporters.JUnitReportReporter -->
<testsuite hostname="DESKTOP-AQAA9VU" failures="0" tests="1" name="com.inetbanking.testCases.TC_LoginTest_001" time="43.857" errors="0" timestamp="12 Mar 2022 19:59:33 GMT" skipped="0">
  <testcase classname="com.inetbanking.testCases.TC_LoginTest_001" name="loginTest" time="43.857"/>
</testsuite> <!-- com.inetbanking.testCases.TC_LoginTest_001 -->
