<?xml version="1.0" encoding="UTF-8"?>
<!-- Generated by org.testng.reporters.JUnitReportReporter -->
<testsuite hostname="DESKTOP-AQAA9VU" failures="0" tests="1" name="com.inetbanking.testCases.TC_LoginTest_001" time="2.010" errors="0" timestamp="2022-07-03T09:29:02 EDT" skipped="0">
  <testcase classname="com.inetbanking.testCases.TC_LoginTest_001" name="zogTest" time="2.010"/>
  <system-out/>
</testsuite> <!-- com.inetbanking.testCases.TC_LoginTest_001 -->
