<?xml version="1.0" encoding="UTF-8"?>
<!-- Generated by org.testng.reporters.JUnitReportReporter -->
<testsuite hostname="DESKTOP-AQAA9VU" failures="0" tests="1" name="com.inetbanking.testCases.TC_LoginTest_001" time="5.139" errors="0" timestamp="10 Mar 2022 17:03:05 GMT" skipped="0">
  <testcase classname="com.inetbanking.testCases.TC_LoginTest_001" name="loginTest" time="5.139"/>
</testsuite> <!-- com.inetbanking.testCases.TC_LoginTest_001 -->
